<?xml version="1.0" encoding="utf-8" standalone="no"?>
<test-run id="2" testcasecount="0" result="Failed" label="Invalid" total="0" passed="0" failed="0" inconclusive="0" skipped="0" asserts="0" engine-version="3.2.1.0" clr-version="4.0.30319.42000" start-time="2016-05-26 20:55:34Z" end-time="2016-05-26 20:55:34Z" duration="0.008861">
  <command-line><![CDATA["C:\Program Files (x86)\NUnit\nunit-console\nunit3-console.exe"  "C:\Users\luis.f.ronquillo\Documents\GitHub\NEtJenkinsTest\NetProjTest\TestProject1\TestProject1.csproj"]]></command-line>
  <test-suite type="Project" id="2" name="TestProject1.csproj" fullname="C:\Users\luis.f.ronquillo\Documents\GitHub\NEtJenkinsTest\NetProjTest\TestProject1\TestProject1.csproj" testcasecount="0" result="Failed" label="Invalid" site="Child" total="0" passed="0" failed="0" inconclusive="0" skipped="0" asserts="0">
    <test-suite type="Assembly" id="1-1" name="TestProject1.dll" fullname="C:\Users\luis.f.ronquillo\Documents\GitHub\NEtJenkinsTest\NetProjTest\TestProject1\bin\Debug\TestProject1.dll" testcasecount="0" runstate="NotRunnable" result="Failed" label="Invalid">
      <properties>
        <property name="_SKIPREASON" value="No suitable tests found in 'C:\Users\luis.f.ronquillo\Documents\GitHub\NEtJenkinsTest\NetProjTest\TestProject1\bin\Debug\TestProject1.dll'.&#xA;Either assembly contains no tests or proper test driver has not been found." />
      </properties>
      <reason>
        <message>No suitable tests found in 'C:\Users\luis.f.ronquillo\Documents\GitHub\NEtJenkinsTest\NetProjTest\TestProject1\bin\Debug\TestProject1.dll'.
Either assembly contains no tests or proper test driver has not been found.</message>
      </reason>
    </test-suite>
  </test-suite>
</test-run>