<?xml version="1.0" encoding="UTF-8"?>
<TestRun id="327626b7-d8dc-48da-b987-907a42066d33" name="luis.f.ronquillo@MW7WNGASYW9U2V 2016-05-27 10:04:45" runUser="DIR\luis.f.ronquillo" xmlns="http://microsoft.com/schemas/VisualStudio/TeamTest/2006">
  <TestRunConfiguration name="Local Test Run" id="d23b1277-be79-4bc7-bdd6-5159b90a5c26">
    <Description>This is a default test run configuration for a local test run.</Description>
    <Deployment runDeploymentRoot="C:\Users\luis.f.ronquillo\Documents\GitHub\NEtJenkinsTest\NetProjTest\TestResults\luis.f.ronquillo_MW7WNGASYW9U2V 2016-05-27 10_04_45" />
    <TestTypeSpecific />
  </TestRunConfiguration>
  <ResultSummary outcome="Failed">
    <Counters total="2" executed="2" passed="1" error="0" failed="1" timeout="0" aborted="0" inconclusive="0" passedButRunAborted="0" notRunnable="0" notExecuted="0" disconnected="0" warning="0" completed="0" inProgress="0" pending="0" />
  </ResultSummary>
  <Times creation="2016-05-27T10:04:45.3274138-05:00" queuing="2016-05-27T10:04:45.5319956-05:00" start="2016-05-27T10:04:45.5950208-05:00" finish="2016-05-27T10:04:45.6745526-05:00" />
  <TestDefinitions>
    <UnitTest name="TestMethod1" storage="c:\users\luis.f.ronquillo\documents\github\netjenkinstest\netprojtest\testproject2\bin\release\testproject2.dll" id="b96f2172-51f7-3767-573a-01ebaf3120be">
      <Css projectStructure="" iteration="" />
      <Owners>
        <Owner name="" />
      </Owners>
      <Execution id="56ec62e2-c7e6-49a4-b67d-5d051b198272" />
      <TestMethod codeBase="C:\Users\luis.f.ronquillo\Documents\GitHub\NEtJenkinsTest\NetProjTest\TestProject2\bin\Release\TestProject2.dll" adapterTypeName="Microsoft.VisualStudio.TestTools.TestTypes.Unit.UnitTestAdapter, Microsoft.VisualStudio.QualityTools.Tips.UnitTest.Adapter, Version=9.0.0.0, Culture=neutral, PublicKeyToken=b03f5f7f11d50a3a" className="TestProject2.UnitTest1, TestProject2" name="TestMethod1" />
    </UnitTest>
    <UnitTest name="TestMethod2" storage="c:\users\luis.f.ronquillo\documents\github\netjenkinstest\netprojtest\testproject2\bin\release\testproject2.dll" id="762813a8-6a9a-e8e5-34d5-f448a5291c4a">
      <Css projectStructure="" iteration="" />
      <Owners>
        <Owner name="" />
      </Owners>
      <Execution id="cae65867-2b9d-46fe-84de-8c9dfc34fc66" />
      <TestMethod codeBase="C:\Users\luis.f.ronquillo\Documents\GitHub\NEtJenkinsTest\NetProjTest\TestProject2\bin\Release\TestProject2.dll" adapterTypeName="Microsoft.VisualStudio.TestTools.TestTypes.Unit.UnitTestAdapter, Microsoft.VisualStudio.QualityTools.Tips.UnitTest.Adapter, Version=9.0.0.0, Culture=neutral, PublicKeyToken=b03f5f7f11d50a3a" className="TestProject2.UnitTest1, TestProject2" name="TestMethod2" />
    </UnitTest>
  </TestDefinitions>
  <TestLists>
    <TestList name="Results Not in a List" id="8c84fa94-04c1-424b-9868-57a2d4851a1d" />
    <TestList name="All Loaded Results" id="19431567-8539-422a-85d7-44ee4e166bda" />
  </TestLists>
  <TestEntries>
    <TestEntry testId="b96f2172-51f7-3767-573a-01ebaf3120be" executionId="56ec62e2-c7e6-49a4-b67d-5d051b198272" testListId="8c84fa94-04c1-424b-9868-57a2d4851a1d" />
    <TestEntry testId="762813a8-6a9a-e8e5-34d5-f448a5291c4a" executionId="cae65867-2b9d-46fe-84de-8c9dfc34fc66" testListId="8c84fa94-04c1-424b-9868-57a2d4851a1d" />
  </TestEntries>
  <Results>
    <UnitTestResult executionId="56ec62e2-c7e6-49a4-b67d-5d051b198272" testId="b96f2172-51f7-3767-573a-01ebaf3120be" testName="TestMethod1" computerName="MW7WNGASYW9U2V" duration="00:00:00.0004573" startTime="2016-05-27T10:04:45.5980220-05:00" endTime="2016-05-27T10:04:45.6640484-05:00" testType="13cdc9d9-ddb5-4fa4-a97d-d965ccfc6d4b" outcome="Passed" testListId="8c84fa94-04c1-424b-9868-57a2d4851a1d">
      <Output>
      </Output>
    </UnitTestResult>
    <UnitTestResult executionId="cae65867-2b9d-46fe-84de-8c9dfc34fc66" testId="762813a8-6a9a-e8e5-34d5-f448a5291c4a" testName="TestMethod2" computerName="MW7WNGASYW9U2V" duration="00:00:00.0030144" startTime="2016-05-27T10:04:45.6650488-05:00" endTime="2016-05-27T10:04:45.6705510-05:00" testType="13cdc9d9-ddb5-4fa4-a97d-d965ccfc6d4b" outcome="Failed" testListId="8c84fa94-04c1-424b-9868-57a2d4851a1d">
      <Output>
        <ErrorInfo>
          <Message>Assert.AreEqual failed. Expected:&lt;7777&gt;. Actual:&lt;8887&gt;. </Message>
          <StackTrace>   at TestProject2.UnitTest1.TestMethod2() in C:\Users\luis.f.ronquillo\Documents\GitHub\NEtJenkinsTest\NetProjTest\TestProject2\UnitTest1.cs:line 74
</StackTrace>
        </ErrorInfo>
      </Output>
    </UnitTestResult>
  </Results>
</TestRun>