<?xml version="1.0" encoding="UTF-8"?>
<TestRun id="1ba95b3f-34cb-462f-84f6-40ba55607149" name="luis.f.ronquillo@MW7WNGASYW9U2V 2016-05-26 09:58:08" runUser="DIR\luis.f.ronquillo" xmlns="http://microsoft.com/schemas/VisualStudio/TeamTest/2006">
  <TestRunConfiguration name="Local Test Run" id="d23b1277-be79-4bc7-bdd6-5159b90a5c26">
    <Description>This is a default test run configuration for a local test run.</Description>
    <Deployment runDeploymentRoot="C:\Users\luis.f.ronquillo\Documents\GitHub\NEtJenkinsTest\NetProjTest\TestResults\luis.f.ronquillo_MW7WNGASYW9U2V 2016-05-26 09_58_08">
      <DeploymentItem filename="C:\Users\luis.f.ronquillo\Documents\GitHub\NEtJenkinsTest\NetProjTest\WebApplication1\bin\WebApplication1.dll" />
    </Deployment>
    <Plugins>
      <Plugin>Microsoft.VisualStudio.TestTools.HostAdapters.AspNetPlugin, Microsoft.VisualStudio.QualityTools.HostAdapters.ASPNETAgent</Plugin>
    </Plugins>
    <TestTypeSpecific />
  </TestRunConfiguration>
  <ResultSummary outcome="Failed">
    <Counters total="1" executed="1" error="0" failed="1" timeout="0" aborted="0" inconclusive="0" passedButRunAborted="0" notRunnable="0" notExecuted="0" disconnected="0" warning="0" passed="0" completed="0" inProgress="0" pending="0" />
  </ResultSummary>
  <Times creation="2016-05-26T09:58:08.0069124-05:00" queuing="2016-05-26T09:58:09.1455952-05:00" start="2016-05-26T09:58:09.3452149-05:00" finish="2016-05-26T09:58:37.7807660-05:00" />
  <TestDefinitions>
    <UnitTest name="numTest" storage="c:\users\luis.f.ronquillo\documents\github\netjenkinstest\netprojtest\testproject1\bin\debug\testproject1.dll" id="68776cc0-0264-ca37-bec3-c40c80af1b6e">
      <Css projectStructure="" iteration="" />
      <Owners>
        <Owner name="" />
      </Owners>
      <Execution id="c09e7be5-c491-40cc-8763-59379e0605ce" />
      <TestMethod codeBase="C:\Users\luis.f.ronquillo\Documents\GitHub\NEtJenkinsTest\NetProjTest\TestProject1\bin\Debug\TestProject1.dll" adapterTypeName="Microsoft.VisualStudio.TestTools.TestTypes.Unit.UnitTestAdapter, Microsoft.VisualStudio.QualityTools.Tips.UnitTest.Adapter, Version=9.0.0.0, Culture=neutral, PublicKeyToken=b03f5f7f11d50a3a" className="TestProject1._DefaultTest, TestProject1" name="numTest" />
      <AspNet webSiteUrl="http://localhost:31991/Default.apsx">
        <Host pathToWebApp="C:\Users\luis.f.ronquillo\Documents\GitHub\NEtJenkinsTest\NetProjTest\WebApplication1" webAppRoot="/" />
      </AspNet>
    </UnitTest>
  </TestDefinitions>
  <TestLists>
    <TestList name="Results Not in a List" id="8c84fa94-04c1-424b-9868-57a2d4851a1d" />
    <TestList name="All Loaded Results" id="19431567-8539-422a-85d7-44ee4e166bda" />
  </TestLists>
  <TestEntries>
    <TestEntry testId="68776cc0-0264-ca37-bec3-c40c80af1b6e" executionId="c09e7be5-c491-40cc-8763-59379e0605ce" testListId="8c84fa94-04c1-424b-9868-57a2d4851a1d" />
  </TestEntries>
  <Results>
    <UnitTestResult executionId="c09e7be5-c491-40cc-8763-59379e0605ce" testId="68776cc0-0264-ca37-bec3-c40c80af1b6e" testName="numTest" computerName="MW7WNGASYW9U2V" duration="00:00:00" startTime="2016-05-26T09:58:37.2634558-05:00" endTime="2016-05-26T09:58:37.6531895-05:00" testType="13cdc9d9-ddb5-4fa4-a97d-d965ccfc6d4b" outcome="Failed" testListId="8c84fa94-04c1-424b-9868-57a2d4851a1d">
      <Output>
        <ErrorInfo>
          <Message>Could not connect to the Web server for page 'http://localhost:31991/Default.apsx'. The remote server returned an error: (404) Not Found.. Check that the Web server is running and visible on the network and that the page specified exists.</Message>
        </ErrorInfo>
      </Output>
    </UnitTestResult>
  </Results>
</TestRun>