<?xml version="1.0" encoding="UTF-8"?>
<TestRun id="5d8289bb-f7bd-48e1-9989-29759f104639" name="luis.f.ronquillo@MW7WNGASYW9U2V 2016-05-26 10:21:49" runUser="DIR\luis.f.ronquillo" xmlns="http://microsoft.com/schemas/VisualStudio/TeamTest/2006">
  <TestRunConfiguration name="Local Test Run" id="d23b1277-be79-4bc7-bdd6-5159b90a5c26">
    <Description>This is a default test run configuration for a local test run.</Description>
    <Deployment runDeploymentRoot="C:\Users\luis.f.ronquillo\Documents\GitHub\NEtJenkinsTest\NetProjTest\TestResults\luis.f.ronquillo_MW7WNGASYW9U2V 2016-05-26 10_21_49">
      <DeploymentItem filename="C:\Users\luis.f.ronquillo\Documents\GitHub\NEtJenkinsTest\NetProjTest\WebApplication1\bin\WebApplication1.dll" />
    </Deployment>
    <Plugins>
      <Plugin>Microsoft.VisualStudio.TestTools.HostAdapters.AspNetPlugin, Microsoft.VisualStudio.QualityTools.HostAdapters.ASPNETAgent</Plugin>
    </Plugins>
    <TestTypeSpecific />
  </TestRunConfiguration>
  <ResultSummary outcome="Failed">
    <Counters total="1" executed="1" error="0" failed="1" timeout="0" aborted="0" inconclusive="0" passedButRunAborted="0" notRunnable="0" notExecuted="0" disconnected="0" warning="0" passed="0" completed="0" inProgress="0" pending="0" />
  </ResultSummary>
  <Times creation="2016-05-26T10:21:49.8715562-05:00" queuing="2016-05-26T10:21:50.7017222-05:00" start="2016-05-26T10:21:50.8857590-05:00" finish="2016-05-26T10:21:52.9576733-05:00" />
  <TestDefinitions>
    <UnitTest name="numTest" storage="c:\users\luis.f.ronquillo\documents\github\netjenkinstest\netprojtest\testproject1\bin\debug\testproject1.dll" id="68776cc0-0264-ca37-bec3-c40c80af1b6e">
      <Css projectStructure="" iteration="" />
      <Owners>
        <Owner name="" />
      </Owners>
      <Execution id="ef33fa6c-e184-481e-8ec5-76498b4042da" />
      <TestMethod codeBase="C:\Users\luis.f.ronquillo\Documents\GitHub\NEtJenkinsTest\NetProjTest\TestProject1\bin\Debug\TestProject1.dll" adapterTypeName="Microsoft.VisualStudio.TestTools.TestTypes.Unit.UnitTestAdapter, Microsoft.VisualStudio.QualityTools.Tips.UnitTest.Adapter, Version=9.0.0.0, Culture=neutral, PublicKeyToken=b03f5f7f11d50a3a" className="TestProject1._DefaultTest, TestProject1" name="numTest" />
      <AspNet webSiteUrl="http://localhost:31991">
        <Host pathToWebApp="C:\Users\luis.f.ronquillo\Documents\GitHub\NEtJenkinsTest\NetProjTest\WebApplication1" webAppRoot="/" />
      </AspNet>
    </UnitTest>
  </TestDefinitions>
  <TestLists>
    <TestList name="Results Not in a List" id="8c84fa94-04c1-424b-9868-57a2d4851a1d" />
    <TestList name="All Loaded Results" id="19431567-8539-422a-85d7-44ee4e166bda" />
  </TestLists>
  <TestEntries>
    <TestEntry testId="68776cc0-0264-ca37-bec3-c40c80af1b6e" executionId="ef33fa6c-e184-481e-8ec5-76498b4042da" testListId="8c84fa94-04c1-424b-9868-57a2d4851a1d" />
  </TestEntries>
  <Results>
    <UnitTestResult executionId="ef33fa6c-e184-481e-8ec5-76498b4042da" testId="68776cc0-0264-ca37-bec3-c40c80af1b6e" testName="numTest" computerName="MW7WNGASYW9U2V" duration="00:00:00.0212267" startTime="2016-05-26T10:21:52.0965011-05:00" endTime="2016-05-26T10:21:52.8886595-05:00" testType="13cdc9d9-ddb5-4fa4-a97d-d965ccfc6d4b" outcome="Failed" testListId="8c84fa94-04c1-424b-9868-57a2d4851a1d">
      <Output>
        <ErrorInfo>
          <Message>Assert.AreNotEqual failed. Expected any value except:&lt;7777&gt;. Actual:&lt;7777&gt;. </Message>
          <StackTrace>   at TestProject1._DefaultTest.numTest() in C:\Users\luis.f.ronquillo\Documents\GitHub\NEtJenkinsTest\NetProjTest\TestProject1\_DefaultTest.cs:line 81
</StackTrace>
        </ErrorInfo>
      </Output>
    </UnitTestResult>
  </Results>
</TestRun>