<?xml version="1.0" encoding="UTF-8"?>
<TestRun id="236e9f4f-a5e8-47ce-ad71-401217576eee" name="luis.f.ronquillo@MW7WNGASYW9U2V 2016-05-26 15:36:58" runUser="DIR\luis.f.ronquillo" xmlns="http://microsoft.com/schemas/VisualStudio/TeamTest/2006">
  <TestRunConfiguration name="Local Test Run" id="d23b1277-be79-4bc7-bdd6-5159b90a5c26">
    <Description>This is a default test run configuration for a local test run.</Description>
    <Deployment runDeploymentRoot="C:\Users\luis.f.ronquillo\Documents\GitHub\NEtJenkinsTest\NetProjTest\TestResults\luis.f.ronquillo_MW7WNGASYW9U2V 2016-05-26 15_36_58">
      <DeploymentItem filename="C:\Users\luis.f.ronquillo\Documents\GitHub\NEtJenkinsTest\NetProjTest\WebApplication1\bin\WebApplication1.dll" />
    </Deployment>
    <Plugins>
      <Plugin>Microsoft.VisualStudio.TestTools.HostAdapters.AspNetPlugin, Microsoft.VisualStudio.QualityTools.HostAdapters.ASPNETAgent</Plugin>
    </Plugins>
    <TestTypeSpecific />
  </TestRunConfiguration>
  <ResultSummary outcome="Failed">
    <Counters total="2" executed="2" passed="1" error="0" failed="1" timeout="0" aborted="0" inconclusive="0" passedButRunAborted="0" notRunnable="0" notExecuted="0" disconnected="0" warning="0" completed="0" inProgress="0" pending="0" />
  </ResultSummary>
  <Times creation="2016-05-26T15:36:58.6833521-05:00" queuing="2016-05-26T15:37:00.2436641-05:00" start="2016-05-26T15:37:00.4557065-05:00" finish="2016-05-26T15:37:03.0107174-05:00" />
  <TestDefinitions>
    <UnitTest name="TestMethod1" storage="c:\users\luis.f.ronquillo\documents\github\netjenkinstest\netprojtest\testproject1\bin\release\testproject1.dll" id="59863143-3238-122e-4d8a-637b491cc755">
      <Css projectStructure="" iteration="" />
      <Owners>
        <Owner name="" />
      </Owners>
      <Execution id="3d7e5b75-00d8-4d61-a1be-022a0ae87d00" />
      <TestMethod codeBase="C:\Users\luis.f.ronquillo\Documents\GitHub\NEtJenkinsTest\NetProjTest\TestProject1\bin\Release\TestProject1.dll" adapterTypeName="Microsoft.VisualStudio.TestTools.TestTypes.Unit.UnitTestAdapter, Microsoft.VisualStudio.QualityTools.Tips.UnitTest.Adapter, Version=9.0.0.0, Culture=neutral, PublicKeyToken=b03f5f7f11d50a3a" className="TestProject1.UnitTest1, TestProject1" name="TestMethod1" />
    </UnitTest>
    <UnitTest name="numTest" storage="c:\users\luis.f.ronquillo\documents\github\netjenkinstest\netprojtest\testproject1\bin\release\testproject1.dll" id="68776cc0-0264-ca37-bec3-c40c80af1b6e">
      <Css projectStructure="" iteration="" />
      <Owners>
        <Owner name="" />
      </Owners>
      <Execution id="4a1a02fb-6db7-441a-bcb8-24bcc5d60afe" />
      <TestMethod codeBase="C:\Users\luis.f.ronquillo\Documents\GitHub\NEtJenkinsTest\NetProjTest\TestProject1\bin\Release\TestProject1.dll" adapterTypeName="Microsoft.VisualStudio.TestTools.TestTypes.Unit.UnitTestAdapter, Microsoft.VisualStudio.QualityTools.Tips.UnitTest.Adapter, Version=9.0.0.0, Culture=neutral, PublicKeyToken=b03f5f7f11d50a3a" className="TestProject1._DefaultTest, TestProject1" name="numTest" />
      <AspNet webSiteUrl="http://localhost:31991">
        <Host pathToWebApp="C:\Users\luis.f.ronquillo\Documents\GitHub\NEtJenkinsTest\NetProjTest\WebApplication1" webAppRoot="/" />
      </AspNet>
    </UnitTest>
  </TestDefinitions>
  <TestLists>
    <TestList name="Results Not in a List" id="8c84fa94-04c1-424b-9868-57a2d4851a1d" />
    <TestList name="All Loaded Results" id="19431567-8539-422a-85d7-44ee4e166bda" />
  </TestLists>
  <TestEntries>
    <TestEntry testId="68776cc0-0264-ca37-bec3-c40c80af1b6e" executionId="4a1a02fb-6db7-441a-bcb8-24bcc5d60afe" testListId="8c84fa94-04c1-424b-9868-57a2d4851a1d" />
    <TestEntry testId="59863143-3238-122e-4d8a-637b491cc755" executionId="3d7e5b75-00d8-4d61-a1be-022a0ae87d00" testListId="8c84fa94-04c1-424b-9868-57a2d4851a1d" />
  </TestEntries>
  <Results>
    <UnitTestResult executionId="4a1a02fb-6db7-441a-bcb8-24bcc5d60afe" testId="68776cc0-0264-ca37-bec3-c40c80af1b6e" testName="numTest" computerName="MW7WNGASYW9U2V" duration="00:00:00.0302729" startTime="2016-05-26T15:37:01.8014756-05:00" endTime="2016-05-26T15:37:02.5851323-05:00" testType="13cdc9d9-ddb5-4fa4-a97d-d965ccfc6d4b" outcome="Failed" testListId="8c84fa94-04c1-424b-9868-57a2d4851a1d">
      <Output>
        <ErrorInfo>
          <Message>Assert.AreNotEqual failed. Expected any value except:&lt;7777&gt;. Actual:&lt;7777&gt;. </Message>
          <StackTrace>   at TestProject1._DefaultTest.numTest() in C:\Users\luis.f.ronquillo\Documents\GitHub\NEtJenkinsTest\NetProjTest\TestProject1\_DefaultTest.cs:line 82
</StackTrace>
        </ErrorInfo>
      </Output>
    </UnitTestResult>
    <UnitTestResult executionId="3d7e5b75-00d8-4d61-a1be-022a0ae87d00" testId="59863143-3238-122e-4d8a-637b491cc755" testName="TestMethod1" computerName="MW7WNGASYW9U2V" duration="00:00:00.0104500" startTime="2016-05-26T15:37:02.6196392-05:00" endTime="2016-05-26T15:37:02.8906934-05:00" testType="13cdc9d9-ddb5-4fa4-a97d-d965ccfc6d4b" outcome="Passed" testListId="8c84fa94-04c1-424b-9868-57a2d4851a1d">
      <Output>
      </Output>
    </UnitTestResult>
  </Results>
</TestRun>